Build started 3/28/2015 1:41:58 PM.
     1>Project "G:\Workspace\COMP2012\Generics_VS_examprep\ConsoleApplication1\ConsoleApplication1\ConsoleApplication1.vcxproj" on node 2 (Build target(s)).
     1>ClCompile:
         C:\Program Files (x86)\Microsoft Visual Studio 12.0\VC\bin\CL.exe /c /ZI /nologo /W3 /WX- /sdl /Od /Oy- /D WIN32 /D _DEBUG /D _CONSOLE /D _LIB /D _UNICODE /D UNICODE /Gm /EHsc /RTC1 /MDd /GS /fp:precise /Zc:wchar_t /Zc:forScope /Yu"stdafx.h" /Fp"Debug\ConsoleApplication1.pch" /Fo"Debug\\" /Fd"Debug\vc120.pdb" /Gd /TP /analyze- /errorReport:prompt ConsoleApplication1.cpp matrix.cpp
         matrix.cpp
     1>g:\workspace\comp2012\generics_vs_examprep\consoleapplication1\consoleapplication1\matrix.h(18): error C2143: syntax error : missing ';' before '&'
     1>g:\workspace\comp2012\generics_vs_examprep\consoleapplication1\consoleapplication1\matrix.h(18): error C2433: 'ostream' : 'friend' not permitted on data declarations
     1>g:\workspace\comp2012\generics_vs_examprep\consoleapplication1\consoleapplication1\matrix.h(18): error C4430: missing type specifier - int assumed. Note: C++ does not support default-int
     1>g:\workspace\comp2012\generics_vs_examprep\consoleapplication1\consoleapplication1\matrix.h(18): error C2061: syntax error : identifier 'ostream'
     1>g:\workspace\comp2012\generics_vs_examprep\consoleapplication1\consoleapplication1\matrix.h(18): error C2805: binary 'operator <<' has too few parameters
     1>g:\workspace\comp2012\generics_vs_examprep\consoleapplication1\consoleapplication1\matrix.cpp(196): error C2872: 'ostream' : ambiguous symbol
                 could be 'g:\workspace\comp2012\generics_vs_examprep\consoleapplication1\consoleapplication1\matrix.h(18) : int ostream'
                 or       'c:\program files (x86)\microsoft visual studio 12.0\vc\include\iosfwd(678) : std::ostream'
     1>g:\workspace\comp2012\generics_vs_examprep\consoleapplication1\consoleapplication1\matrix.cpp(196): error C2143: syntax error : missing ';' before '&'
     1>g:\workspace\comp2012\generics_vs_examprep\consoleapplication1\consoleapplication1\matrix.cpp(196): error C4430: missing type specifier - int assumed. Note: C++ does not support default-int
     1>g:\workspace\comp2012\generics_vs_examprep\consoleapplication1\consoleapplication1\matrix.cpp(196): error C2086: 'int ostream' : redefinition
                 g:\workspace\comp2012\generics_vs_examprep\consoleapplication1\consoleapplication1\matrix.h(18) : see declaration of 'ostream'
     1>g:\workspace\comp2012\generics_vs_examprep\consoleapplication1\consoleapplication1\matrix.cpp(196): error C2065: 'o' : undeclared identifier
     1>g:\workspace\comp2012\generics_vs_examprep\consoleapplication1\consoleapplication1\matrix.cpp(196): error C2059: syntax error : 'const'
     1>g:\workspace\comp2012\generics_vs_examprep\consoleapplication1\consoleapplication1\matrix.cpp(197): error C2143: syntax error : missing ';' before '{'
     1>g:\workspace\comp2012\generics_vs_examprep\consoleapplication1\consoleapplication1\matrix.cpp(197): error C2447: '{' : missing function header (old-style formal list?)
         ConsoleApplication1.cpp
     1>g:\workspace\comp2012\generics_vs_examprep\consoleapplication1\consoleapplication1\matrix.h(18): error C2143: syntax error : missing ';' before '&'
     1>g:\workspace\comp2012\generics_vs_examprep\consoleapplication1\consoleapplication1\matrix.h(18): error C2433: 'ostream' : 'friend' not permitted on data declarations
     1>g:\workspace\comp2012\generics_vs_examprep\consoleapplication1\consoleapplication1\matrix.h(18): error C4430: missing type specifier - int assumed. Note: C++ does not support default-int
     1>g:\workspace\comp2012\generics_vs_examprep\consoleapplication1\consoleapplication1\matrix.h(18): error C2061: syntax error : identifier 'ostream'
     1>g:\workspace\comp2012\generics_vs_examprep\consoleapplication1\consoleapplication1\matrix.h(18): error C2805: binary 'operator <<' has too few parameters
         Generating Code...
     1>Done Building Project "G:\Workspace\COMP2012\Generics_VS_examprep\ConsoleApplication1\ConsoleApplication1\ConsoleApplication1.vcxproj" (Build target(s)) -- FAILED.

Build FAILED.

Time Elapsed 00:00:01.33
